<?xml version="1.0" encoding="utf-8"?><testsuites name="pytest tests"><testsuite name="pytest" errors="0" failures="0" skipped="0" tests="3" time="1.915" timestamp="2026-08-13T18:03:10.985624+00:00" hostname="agent-env-817960dc-8315-495d-9051-f5ca6dfe7087"><testcase classname="tests.test_public_api" name="test_health_and_accounts" time="0.622" /><testcase classname="tests.test_public_api" name="test_owner_login_and_invalid_login" time="0.271" /><testcase classname="tests.test_public_api" name="test_protected_endpoints_reject_anonymous" time="0.330" /></testsuite></testsuites>